2021-05-04 06:27:14.781  INFO 13380 --- [restartedMain] c.a.a.AssessmentManagementApplication    : Starting AssessmentManagementApplication on Werrend with PID 13380 (C:\Users\Prabhakar\Desktop\assessment-management\backend\target\classes started by Prabhakar in C:\Users\Prabhakar\Desktop\assessment-management\backend)
2021-05-04 06:27:14.812  INFO 13380 --- [restartedMain] c.a.a.AssessmentManagementApplication    : No active profile set, falling back to default profiles: default
2021-05-04 06:27:14.998  INFO 13380 --- [restartedMain] .e.DevToolsPropertyDefaultsPostProcessor : Devtools property defaults active! Set 'spring.devtools.add-properties' to 'false' to disable
2021-05-04 06:27:14.998  INFO 13380 --- [restartedMain] .e.DevToolsPropertyDefaultsPostProcessor : For additional web related logging consider setting the 'logging.level.web' property to 'DEBUG'
2021-05-04 06:27:18.078  INFO 13380 --- [restartedMain] .s.d.r.c.RepositoryConfigurationDelegate : Bootstrapping Spring Data JPA repositories in DEFERRED mode.
2021-05-04 06:27:18.302  INFO 13380 --- [restartedMain] .s.d.r.c.RepositoryConfigurationDelegate : Finished Spring Data repository scanning in 184ms. Found 6 JPA repository interfaces.
2021-05-04 06:27:21.760  INFO 13380 --- [restartedMain] o.s.b.w.embedded.tomcat.TomcatWebServer  : Tomcat initialized with port(s): 8080 (http)
2021-05-04 06:27:21.775  INFO 13380 --- [restartedMain] o.apache.catalina.core.StandardService   : Starting service [Tomcat]
2021-05-04 06:27:21.784  INFO 13380 --- [restartedMain] org.apache.catalina.core.StandardEngine  : Starting Servlet engine: [Apache Tomcat/9.0.35]
2021-05-04 06:27:22.128  INFO 13380 --- [restartedMain] o.a.c.c.C.[Tomcat].[localhost].[/]       : Initializing Spring embedded WebApplicationContext
2021-05-04 06:27:22.128  INFO 13380 --- [restartedMain] o.s.web.context.ContextLoader            : Root WebApplicationContext: initialization completed in 7130 ms
2021-05-04 06:27:22.489  INFO 13380 --- [restartedMain] com.zaxxer.hikari.HikariDataSource       : HikariPool-1 - Starting...
2021-05-04 06:27:25.555  INFO 13380 --- [restartedMain] com.zaxxer.hikari.HikariDataSource       : HikariPool-1 - Start completed.
2021-05-04 06:27:25.572  INFO 13380 --- [restartedMain] o.s.b.a.h2.H2ConsoleAutoConfiguration    : H2 console available at '/h2-console'. Database available at 'jdbc:mysql://localhost:3306/assessment?serverTimezone=UTC'
2021-05-04 06:27:26.229  INFO 13380 --- [restartedMain] o.s.s.concurrent.ThreadPoolTaskExecutor  : Initializing ExecutorService 'applicationTaskExecutor'
2021-05-04 06:27:26.438  INFO 13380 --- [task-1] o.hibernate.jpa.internal.util.LogHelper  : HHH000204: Processing PersistenceUnitInfo [name: default]
2021-05-04 06:27:26.710  WARN 13380 --- [restartedMain] JpaBaseConfiguration$JpaWebConfiguration : spring.jpa.open-in-view is enabled by default. Therefore, database queries may be performed during view rendering. Explicitly configure spring.jpa.open-in-view to disable this warning
2021-05-04 06:27:26.755  INFO 13380 --- [task-1] org.hibernate.Version                    : HHH000412: Hibernate ORM core version 5.4.15.Final
2021-05-04 06:27:27.404  INFO 13380 --- [task-1] o.hibernate.annotations.common.Version   : HCANN000001: Hibernate Commons Annotations {5.1.0.Final}
2021-05-04 06:27:28.043  INFO 13380 --- [task-1] org.hibernate.dialect.Dialect            : HHH000400: Using dialect: org.hibernate.dialect.MySQL8Dialect
2021-05-04 06:27:30.228  INFO 13380 --- [task-1] o.h.e.t.j.p.i.JtaPlatformInitiator       : HHH000490: Using JtaPlatform implementation: [org.hibernate.engine.transaction.jta.platform.internal.NoJtaPlatform]
2021-05-04 06:27:30.245  INFO 13380 --- [task-1] j.LocalContainerEntityManagerFactoryBean : Initialized JPA EntityManagerFactory for persistence unit 'default'
2021-05-04 06:27:31.349  INFO 13380 --- [restartedMain] o.s.b.a.e.web.EndpointLinksResolver      : Exposing 2 endpoint(s) beneath base path '/actuator'
2021-05-04 06:27:31.415  INFO 13380 --- [restartedMain] o.s.s.web.DefaultSecurityFilterChain     : Creating filter chain: any request, [org.springframework.security.web.context.request.async.WebAsyncManagerIntegrationFilter@a0555f1, org.springframework.security.web.context.SecurityContextPersistenceFilter@116a3e43, org.springframework.security.web.header.HeaderWriterFilter@12db5f57, org.springframework.web.filter.CorsFilter@4588d6b1, org.springframework.security.web.csrf.CsrfFilter@641e0dcc, org.springframework.security.web.authentication.logout.LogoutFilter@9959cf9, org.springframework.security.oauth2.client.web.OAuth2AuthorizationRequestRedirectFilter@1bd5d961, org.springframework.security.oauth2.client.web.OAuth2LoginAuthenticationFilter@3b9537a9, org.springframework.security.web.savedrequest.RequestCacheAwareFilter@98ec252, org.springframework.security.web.servletapi.SecurityContextHolderAwareRequestFilter@25824d4b, org.springframework.security.web.authentication.AnonymousAuthenticationFilter@38ca5d, org.springframework.security.web.session.SessionManagementFilter@2f1e14f5, org.springframework.security.web.access.ExceptionTranslationFilter@47858a5, org.springframework.security.web.access.intercept.FilterSecurityInterceptor@7c7135e]
2021-05-04 06:27:31.452  INFO 13380 --- [task-2] o.s.b.d.a.OptionalLiveReloadServer       : LiveReload server is running on port 35729
2021-05-04 06:27:32.162  INFO 13380 --- [restartedMain] o.s.b.w.embedded.tomcat.TomcatWebServer  : Tomcat started on port(s): 8080 (http) with context path ''
2021-05-04 06:27:32.162  INFO 13380 --- [restartedMain] DeferredRepositoryInitializationListener : Triggering deferred initialization of Spring Data repositories…
2021-05-04 06:27:32.360  INFO 13380 --- [restartedMain] DeferredRepositoryInitializationListener : Spring Data repositories initialized!
2021-05-04 06:27:32.392  INFO 13380 --- [restartedMain] c.a.a.AssessmentManagementApplication    : Started AssessmentManagementApplication in 19.149 seconds (JVM running for 20.935)
2021-05-04 06:46:05.640  INFO 13380 --- [http-nio-8080-exec-1] o.a.c.c.C.[Tomcat].[localhost].[/]       : Initializing Spring DispatcherServlet 'dispatcherServlet'
2021-05-04 06:46:05.643  INFO 13380 --- [http-nio-8080-exec-1] o.s.web.servlet.DispatcherServlet        : Initializing Servlet 'dispatcherServlet'
2021-05-04 06:46:05.670  INFO 13380 --- [http-nio-8080-exec-1] o.s.web.servlet.DispatcherServlet        : Completed initialization in 26 ms
2021-05-04 06:48:56.698  INFO 13380 --- [http-nio-8080-exec-10] c.a.a.resources.CourseResource           : [GET] /api/courses getCourses
2021-05-04 06:48:56.714  INFO 13380 --- [http-nio-8080-exec-10] c.a.a.services.CourseService             : [DB OP] getAllCourses
2021-05-04 06:53:37.929  INFO 13380 --- [http-nio-8080-exec-1] c.a.a.resources.CourseResource           : [GET] /api/courses getCourses
2021-05-04 06:53:37.940  INFO 13380 --- [http-nio-8080-exec-1] c.a.a.services.CourseService             : [DB OP] getAllCourses
2021-05-04 06:55:05.031  INFO 13380 --- [http-nio-8080-exec-1] c.a.a.resources.CourseResource           : [GET] /api/courses getCourses
2021-05-04 06:55:05.038  INFO 13380 --- [http-nio-8080-exec-1] c.a.a.services.CourseService             : [DB OP] getAllCourses
2021-05-04 06:59:59.146  INFO 13380 --- [http-nio-8080-exec-8] c.a.a.resources.CourseResource           : [GET] /api/courses getCourses
2021-05-04 06:59:59.148  INFO 13380 --- [http-nio-8080-exec-8] c.a.a.services.CourseService             : [DB OP] getAllCourses
2021-05-04 07:00:16.793  INFO 13380 --- [http-nio-8080-exec-4] c.a.a.resources.CourseResource           : [GET] /api/courses getCourses
2021-05-04 07:00:16.811  INFO 13380 --- [http-nio-8080-exec-4] c.a.a.services.CourseService             : [DB OP] getAllCourses
2021-05-04 07:01:47.327  INFO 13380 --- [http-nio-8080-exec-4] c.a.a.resources.CourseResource           : [GET] /api/courses getCourses
2021-05-04 07:01:47.331  INFO 13380 --- [http-nio-8080-exec-4] c.a.a.services.CourseService             : [DB OP] getAllCourses
2021-05-04 07:03:14.115  INFO 13380 --- [http-nio-8080-exec-9] c.a.a.resources.CourseResource           : [GET] /api/courses getCourses
2021-05-04 07:03:14.122  INFO 13380 --- [http-nio-8080-exec-9] c.a.a.services.CourseService             : [DB OP] getAllCourses
2021-05-04 07:03:20.005  INFO 13380 --- [http-nio-8080-exec-3] c.a.a.resources.CourseResource           : [GET] /api/courses getCourses
2021-05-04 07:03:20.021  INFO 13380 --- [http-nio-8080-exec-3] c.a.a.services.CourseService             : [DB OP] getAllCourses
2021-05-04 07:04:07.759  INFO 13380 --- [http-nio-8080-exec-2] c.a.a.resources.CourseResource           : [GET] /api/courses getCourses
2021-05-04 07:04:07.759  INFO 13380 --- [http-nio-8080-exec-2] c.a.a.services.CourseService             : [DB OP] getAllCourses
2021-05-04 07:05:14.082  INFO 13380 --- [http-nio-8080-exec-9] c.a.a.resources.CourseResource           : [GET] /api/courses getCourses
2021-05-04 07:05:14.091  INFO 13380 --- [http-nio-8080-exec-9] c.a.a.services.CourseService             : [DB OP] getAllCourses
2021-05-04 07:06:14.593  INFO 13380 --- [http-nio-8080-exec-6] c.a.a.resources.CourseResource           : [GET] /api/courses getCourses
2021-05-04 07:06:14.603  INFO 13380 --- [http-nio-8080-exec-6] c.a.a.services.CourseService             : [DB OP] getAllCourses
2021-05-04 07:06:22.232  INFO 13380 --- [http-nio-8080-exec-5] c.a.a.resources.CourseResource           : [GET] /api/courses getCourses
2021-05-04 07:06:22.234  INFO 13380 --- [http-nio-8080-exec-5] c.a.a.services.CourseService             : [DB OP] getAllCourses
2021-05-04 07:06:53.361  INFO 13380 --- [http-nio-8080-exec-6] c.a.a.resources.CourseResource           : [GET] /api/courses getCourses
2021-05-04 07:06:53.379  INFO 13380 --- [http-nio-8080-exec-6] c.a.a.services.CourseService             : [DB OP] getAllCourses
2021-05-04 08:33:16.753  WARN 13380 --- [HikariPool-1 housekeeper] com.zaxxer.hikari.pool.HikariPool        : HikariPool-1 - Thread starvation or clock leap detected (housekeeper delta=27m49s441ms654µs700ns).
2021-05-04 13:58:52.248  WARN 13380 --- [HikariPool-1 housekeeper] com.zaxxer.hikari.pool.HikariPool        : HikariPool-1 - Thread starvation or clock leap detected (housekeeper delta=39m31s70ms260µs900ns).
